c:\users\pcsilval\documents\fundamentos-teoria-juegos201801\papuengine\debug\vc140.pdb
c:\users\pcsilval\documents\fundamentos-teoria-juegos201801\papuengine\debug\vc140.idb
c:\users\pcsilval\documents\fundamentos-teoria-juegos201801\papuengine\debug\gun.obj
c:\users\pcsilval\documents\fundamentos-teoria-juegos201801\papuengine\debug\human.obj
c:\users\pcsilval\documents\fundamentos-teoria-juegos201801\papuengine\debug\igamescreen.obj
c:\users\pcsilval\documents\fundamentos-teoria-juegos201801\papuengine\debug\imageloader.obj
c:\users\pcsilval\documents\fundamentos-teoria-juegos201801\papuengine\debug\inputmanager.obj
c:\users\pcsilval\documents\fundamentos-teoria-juegos201801\papuengine\debug\iomanager.obj
c:\users\pcsilval\documents\fundamentos-teoria-juegos201801\papuengine\debug\level.obj
c:\users\pcsilval\documents\fundamentos-teoria-juegos201801\papuengine\debug\main.obj
c:\users\pcsilval\documents\fundamentos-teoria-juegos201801\papuengine\debug\maingame.obj
c:\users\pcsilval\documents\fundamentos-teoria-juegos201801\papuengine\debug\papuengine.obj
c:\users\pcsilval\documents\fundamentos-teoria-juegos201801\papuengine\debug\picopng.obj
c:\users\pcsilval\documents\fundamentos-teoria-juegos201801\papuengine\debug\player.obj
c:\users\pcsilval\documents\fundamentos-teoria-juegos201801\papuengine\debug\resourcemanager.obj
c:\users\pcsilval\documents\fundamentos-teoria-juegos201801\papuengine\debug\screenlist.obj
c:\users\pcsilval\documents\fundamentos-teoria-juegos201801\papuengine\debug\sprite.obj
c:\users\pcsilval\documents\fundamentos-teoria-juegos201801\papuengine\debug\spritebacth.obj
c:\users\pcsilval\documents\fundamentos-teoria-juegos201801\papuengine\debug\texturecache.obj
c:\users\pcsilval\documents\fundamentos-teoria-juegos201801\papuengine\debug\window.obj
c:\users\pcsilval\documents\fundamentos-teoria-juegos201801\papuengine\debug\zombie.obj
c:\users\pcsilval\documents\fundamentos-teoria-juegos201801\papuengine\debug\actor.obj
c:\users\pcsilval\documents\fundamentos-teoria-juegos201801\papuengine\debug\bullet.obj
c:\users\pcsilval\documents\fundamentos-teoria-juegos201801\papuengine\debug\camera2d.obj
c:\users\pcsilval\documents\fundamentos-teoria-juegos201801\papuengine\debug\error.obj
c:\users\pcsilval\documents\fundamentos-teoria-juegos201801\papuengine\debug\gls_program.obj
c:\users\pcsilval\documents\fundamentos-teoria-juegos201801\papuengine\debug\imaingame.obj
c:\users\pcsilval\documents\fundamentos-teoria-juegos201801\papuengine\debug\audioengine.obj
c:\users\pcsilval\documents\fundamentos-teoria-juegos201801\papuengine\debug\timing.obj
c:\users\pcsilval\documents\fundamentos-teoria-juegos201801\debug\papuengine.ilk
c:\users\pcsilval\documents\fundamentos-teoria-juegos201801\debug\papuengine.exe
c:\users\pcsilval\documents\fundamentos-teoria-juegos201801\debug\papuengine.pdb
c:\users\pcsilval\documents\fundamentos-teoria-juegos201801\papuengine\debug\agent.obj
c:\users\pcsilval\documents\fundamentos-teoria-juegos201801\papuengine\debug\engine.obj
c:\users\pcsilval\documents\fundamentos-teoria-juegos201801\papuengine\debug\sritebatch.obj
c:\users\pcsilval\documents\fundamentos-teoria-juegos201801\papuengine\debug\papuengine.tlog\cl.command.1.tlog
c:\users\pcsilval\documents\fundamentos-teoria-juegos201801\papuengine\debug\papuengine.tlog\cl.read.1.tlog
c:\users\pcsilval\documents\fundamentos-teoria-juegos201801\papuengine\debug\papuengine.tlog\cl.write.1.tlog
c:\users\pcsilval\documents\fundamentos-teoria-juegos201801\papuengine\debug\papuengine.tlog\link.command.1.tlog
c:\users\pcsilval\documents\fundamentos-teoria-juegos201801\papuengine\debug\papuengine.tlog\link.read.1.tlog
c:\users\pcsilval\documents\fundamentos-teoria-juegos201801\papuengine\debug\papuengine.tlog\link.write.1.tlog
